2026-06-16T22:27:37.684Z expo:telemetry Switching strategy from detached to instant
2026-06-16T22:27:39.706Z expo:telemetry Recording 1 event(s)
2026-06-16T22:27:40.116Z expo:env Loaded environment variables from: C:\Users\DELL\Desktop\Vura\.env
2026-06-16T22:27:40.121Z expo:env C:\Users\DELL\Desktop\Vura\.env.development does not exist, skipping this env file
2026-06-16T22:27:40.122Z expo:env C:\Users\DELL\Desktop\Vura\.env.local does not exist, skipping this env file
2026-06-16T22:27:40.124Z expo:env C:\Users\DELL\Desktop\Vura\.env.development.local does not exist, skipping this env file
UNDICI 20440: connecting to cdp.expo.dev using https:undefined
UNDICI 20440: connecting to cdp.expo.dev using https:undefined
2026-06-16T22:27:44.329Z expo:utils:fileNotifier Observing C:\Users\DELL\Desktop\Vura\babel.config.js
2026-06-16T22:27:44.335Z expo:doctor:webSupport Ensuring web support is setup
2026-06-16T22:27:44.513Z expo:doctor:dependencies:getMissingPackages Required package "react-dom" found (no version constraint specified).
2026-06-16T22:27:44.525Z expo:doctor:dependencies:getMissingPackages Required package "react-native-web" found (no version constraint specified).
2026-06-16T22:27:44.527Z expo:doctor:dependencies:getMissingPackages Required package "@expo/webpack-config" found (no version constraint specified).
2026-06-16T22:27:47.191Z expo:start:server:devServer Stopping dev server (bundler: metro)
2026-06-16T22:27:47.193Z expo:start:server:devServer Stopped dev server (bundler: metro)
2026-06-16T22:27:47.497Z expo:start:server:metro:router Using app as the root directory for Expo Router.
2026-06-16T22:27:57.608Z expo:metro:withMetroResolvers Appending 8 custom resolvers to Metro config. (has custom resolver: false)
2026-06-16T22:27:58.099Z expo:start:server:urlCreator URL: http://127.0.0.1:8081
2026-06-16T22:28:05.677Z expo:start:server:urlCreator URL: exp://127.0.0.1:8081
UNDICI 20440: connected to cdp.expo.dev using https:h1
UNDICI 20440: connected to cdp.expo.dev using https:h1
UNDICI 20440: sending request to POST https://cdp.expo.dev/v1/batch
UNDICI 20440: sending request to POST https://cdp.expo.dev//v1/batch
UNDICI 20440: request to POST https://cdp.expo.dev/v1/batch errored - other side closed
UNDICI 20440: request to POST https://cdp.expo.dev//v1/batch errored - other side closed
2026-06-16T22:28:05.933Z expo:start:server:developmentSession Development session will not ping because the user is not authenticated and there are no devices.
2026-06-16T22:28:06.067Z expo:start:server:devServer Stopping dev server (bundler: webpack)
2026-06-16T22:28:06.068Z expo:start:server:devServer Stopped dev server (bundler: webpack)
2026-06-16T22:28:06.216Z expo:start:server:devServer Stopping dev server (bundler: webpack)
2026-06-16T22:28:06.221Z expo:start:server:devServer Stopped dev server (bundler: webpack)
2026-06-16T22:28:06.242Z expo:start:server:webpack:devServer Starting webpack on port: 19006
2026-06-16T22:28:06.255Z expo:env "GOOGLE_MAPS_API_KEY" is already defined and IS NOT overwritten
2026-06-16T22:28:06.258Z expo:env "API_BASE_URL" is already defined and IS NOT overwritten
2026-06-16T22:28:06.258Z expo:env "SOCKET_URL" is already defined and IS NOT overwritten
2026-06-16T22:28:49.355Z expo:start:server:developmentSession Development session will not ping because the user is not authenticated and there are no devices.
2026-06-16T22:28:49.358Z expo:utils:fileNotifier Observing C:\Users\DELL\Desktop\Vura\webpack.config.js
2026-06-16T22:28:49.370Z expo:start:server:metro:waitForTypescript Watching file changes: [
  'C:\\Users\\DELL\\Desktop\\Vura\\.env.development.local',
  'C:\\Users\\DELL\\Desktop\\Vura\\.env.local',
  'C:\\Users\\DELL\\Desktop\\Vura\\.env.development',
  'C:\\Users\\DELL\\Desktop\\Vura\\.env'
]
2026-06-16T22:28:49.372Z expo:doctor:typescriptSupport Ensuring TypeScript support is setup
(node:20440) [DEP_WEBPACK_DEV_SERVER_CONSTRUCTOR] DeprecationWarning: Using 'compiler' as the first argument is deprecated. Please use 'options' as the first argument and 'compiler' as the second argument.
(Use `node --trace-deprecation ...` to show where the warning was created)
(node:20440) [DEP_WEBPACK_DEV_SERVER_LISTEN] DeprecationWarning: 'listen' is deprecated. Please use the async 'start' or 'startCallback' method.
<i> [webpack-dev-server] Project is running at:
<i> [webpack-dev-server] Loopback: [36mhttp://localhost:19006/[39m
<i> [webpack-dev-server] On Your Network (IPv4): [36mhttp://192.168.110.227:19006/[39m
<i> [webpack-dev-server] Content not from webpack is served from '[36mC:\Users\DELL\Desktop\Vura\node_modules\@expo\webpack-config\web-default[39m' directory
<i> [webpack-dev-server] 404s will fallback to '[36m/[39m'
<t> [webpack.cache.PackFileCacheStrategy] restore cache container: 48377.9772 ms
    [webpack.cache.PackFileCacheStrategy] Restored pack from C:\Users\DELL\Desktop\Vura\node_modules\.cache\web\web-development.pack, but version doesn't match.
2026-06-16T22:29:21.861Z expo:start:server:metro:metroWatchTypeScriptFiles Waiting for TypeScript files to be added to the project...
2026-06-16T22:29:42.016Z expo:doctor:dependencies:bundledNativeModules Fetching bundled native modules from the server...
UNDICI 20440: connecting to api.expo.dev using https:undefined
UNDICI 20440: connecting to api.expo.dev using https:undefined
UNDICI 20440: connected to api.expo.dev using https:h1
UNDICI 20440: connected to api.expo.dev using https:h1
UNDICI 20440: sending request to GET https://api.expo.dev/v2/sdks/54.0.0/native-modules
UNDICI 20440: sending request to GET https://api.expo.dev//v2/sdks/54.0.0/native-modules
UNDICI 20440: received response to GET https://api.expo.dev/v2/sdks/54.0.0/native-modules - HTTP 200
UNDICI 20440: received response to GET https://api.expo.dev//v2/sdks/54.0.0/native-modules - HTTP 200
UNDICI 20440: trailers received from GET https://api.expo.dev/v2/sdks/54.0.0/native-modules
UNDICI 20440: trailers received from GET https://api.expo.dev//v2/sdks/54.0.0/native-modules
Failed to construct transformer:  Error: Failed to start watch mode.
    at Timeout._onTimeout (C:\Users\DELL\Desktop\Vura\node_modules\metro-file-map\src\Watcher.js:161:24)
    at listOnTimeout (node:internal/timers:605:17)
    at processTimers (node:internal/timers:541:7)
2026-06-16T22:34:21.046Z expo:undici-cache Failed to cache response for: sdks/54.0.0/native-modules
TypeError: Body is unusable: Body has already been read
TypeError: Body is unusable: Body has already been read
    at consumeBody (node:internal/deps/undici/undici:6961:31)
    at _Response.json (node:internal/deps/undici/undici:6912:18)
    at getNativeModuleVersionsAsync (C:\Users\DELL\Desktop\Vura\node_modules\expo\node_modules\@expo\cli\src\api\getNativeModuleVersions.ts:47:31)
    at getVersionedNativeModulesAsync (C:\Users\DELL\Desktop\Vura\node_modules\expo\node_modules\@expo\cli\src\start\doctor\dependencies\bundledNativeModules.ts:33:14)
    at getCombinedKnownVersionsAsync (C:\Users\DELL\Desktop\Vura\node_modules\expo\node_modules\@expo\cli\src\start\doctor\dependencies\getVersionedPackages.ts:58:7)
    at getVersionedDependenciesAsync (C:\Users\DELL\Desktop\Vura\node_modules\expo\node_modules\@expo\cli\src\start\doctor\dependencies\validateDependenciesVersions.ts:100:33)
    at validateDependenciesVersionsAsync (C:\Users\DELL\Desktop\Vura\node_modules\expo\node_modules\@expo\cli\src\start\doctor\dependencies\validateDependenciesVersions.ts:49:25)
    at startAsync (C:\Users\DELL\Desktop\Vura\node_modules\expo\node_modules\@expo\cli\src\start\startAsync.ts:110:5)
